<?xml version="1.0" encoding="UTF-8"?>
<!-- Generated by org.testng.reporters.JUnitXMLReporter -->
<testsuite hostname="saifkazi-pc" ignored="0" name="Default test(failed)" tests="3" failures="0" timestamp="29 Nov 2020 07:08:29 GMT" time="25.605" errors="0">
  <testcase name="verifyAddToCartTest" time="10.905" classname="com.advantage.qa.testcases.ProductPageTest"/>
  <testcase name="validatePaymentDetails" time="0.493" classname="com.advantage.qa.testcases.ProductPageTest"/>
  <testcase name="checkPaymentButtonTest" time="0.032" classname="com.advantage.qa.testcases.ProductPageTest"/>
</testsuite> <!-- Default test(failed) -->
