<?xml version="1.0" encoding="UTF-8"?>
<!-- Generated by org.testng.reporters.JUnitXMLReporter -->
<testsuite hostname="saifkazi-pc" ignored="0" name="Default test" tests="3" failures="0" timestamp="06 Dec 2020 05:01:24 GMT" time="29.491" errors="0">
  <testcase name="verifyAddToCartTest" time="13.293" classname="com.advantage.qa.testcases.ProductPageTest"/>
  <testcase name="validatePaymentDetails" time="0.525" classname="com.advantage.qa.testcases.ProductPageTest"/>
  <testcase name="checkPaymentButtonTest" time="0.031" classname="com.advantage.qa.testcases.ProductPageTest"/>
</testsuite> <!-- Default test -->
