<?xml version="1.0" encoding="UTF-8"?>
<!-- Generated by org.testng.reporters.JUnitXMLReporter -->
<testsuite hostname="saifkazi-pc" ignored="0" name="Demo Test" tests="3" failures="0" timestamp="17 Nov 2020 10:08:49 GMT" time="27.472" errors="0">
  <testcase name="verifyAddToCartTest" time="10.1" classname="com.advantage.qa.testcases.ProductPageTest"/>
  <testcase name="validatePaymentDetails" time="0.484" classname="com.advantage.qa.testcases.ProductPageTest"/>
  <testcase name="checkPaymentButtonTest" time="0.031" classname="com.advantage.qa.testcases.ProductPageTest"/>
</testsuite> <!-- Demo Test -->
