<?xml version="1.0" encoding="UTF-8"?>
<!-- Generated by org.testng.reporters.JUnitXMLReporter -->
<testsuite hostname="saifkazi-pc" ignored="0" name="Advantage Shopping Test Demo" tests="3" failures="0" timestamp="06 Dec 2020 05:33:55 GMT" time="34.949" errors="0">
  <testcase name="verifyAddToCartTest" time="13.448" classname="com.advantage.qa.testcases.ProductPageTest"/>
  <testcase name="validatePaymentDetails" time="0.519" classname="com.advantage.qa.testcases.ProductPageTest"/>
  <testcase name="checkPaymentButtonTest" time="0.041" classname="com.advantage.qa.testcases.ProductPageTest"/>
</testsuite> <!-- Advantage Shopping Test Demo -->
