<?xml version="1.0" encoding="UTF-8"?>
<testsuite xmlns:xsi="http://www.w3.org/2001/XMLSchema-instance" xsi:noNamespaceSchemaLocation="https://maven.apache.org/surefire/maven-surefire-plugin/xsd/surefire-test-report-3.0.xsd" version="3.0" name="TestSuite" time="16.782" tests="8" errors="0" skipped="7" failures="1">
  <properties>
[...]
</properties>
  <testcase name="setup" classname="com.advantage.qa.testcases.ProductPageTest" time="16.214">
    <failure message="element click intercepted: Element &lt;div class=&quot;noUi-origin noUi-connect&quot;&gt;...&lt;/div&gt; is not clickable at point (111, 729). Other element would receive the click: &lt;div class=&quot;noUi-origin noUi-background&quot;&gt;...&lt;/div&gt;&#10;  (Session info: chrome=87.0.4280.88)&#10;Build info: version: &apos;3.141.59&apos;, revision: &apos;e82be7d358&apos;, time: &apos;2018-11-14T08:17:03&apos;&#10;System info: host: &apos;SAIFKAZI-PC&apos;, ip: &apos;192.168.56.1&apos;, os.name: &apos;Windows 8.1&apos;, os.arch: &apos;amd64&apos;, os.version: &apos;6.3&apos;, java.version: &apos;1.8.0_201&apos;&#10;Driver info: org.openqa.selenium.chrome.ChromeDriver&#10;Capabilities {acceptInsecureCerts: false, browserName: chrome, browserVersion: 87.0.4280.88, chrome: {chromedriverVersion: 86.0.4240.22 (398b0743353ff..., userDataDir: C:\Users\SAIFK~1.HQ0\AppDat...}, goog:chromeOptions: {debuggerAddress: localhost:59290}, javascriptEnabled: true, networkConnectionEnabled: false, pageLoadStrategy: normal, platform: WINDOWS, platformName: WINDOWS, proxy: Proxy(), setWindowRect: true, strictFileInteractability: false, timeouts: {implicit: 0, pageLoad: 300000, script: 30000}, unhandledPromptBehavior: dismiss and notify, webauthn:virtualAuthenticators: true}&#10;Session ID: c5cb335314c9f9b1277b074b83196629" type="org.openqa.selenium.ElementClickInterceptedException"><![CDATA[org.openqa.selenium.ElementClickInterceptedException: 
element click intercepted: Element <div class="noUi-origin noUi-connect">...</div> is not clickable at point (111, 729). Other element would receive the click: <div class="noUi-origin noUi-background">...</div>
  (Session info: chrome=87.0.4280.88)
Build info: version: '3.141.59', revision: 'e82be7d358', time: '2018-11-14T08:17:03'
System info: host: 'SAIFKAZI-PC', ip: '192.168.56.1', os.name: 'Windows 8.1', os.arch: 'amd64', os.version: '6.3', java.version: '1.8.0_201'
Driver info: org.openqa.selenium.chrome.ChromeDriver
Capabilities {acceptInsecureCerts: false, browserName: chrome, browserVersion: 87.0.4280.88, chrome: {chromedriverVersion: 86.0.4240.22 (398b0743353ff..., userDataDir: C:\Users\SAIFK~1.HQ0\AppDat...}, goog:chromeOptions: {debuggerAddress: localhost:59290}, javascriptEnabled: true, networkConnectionEnabled: false, pageLoadStrategy: normal, platform: WINDOWS, platformName: WINDOWS, proxy: Proxy(), setWindowRect: true, strictFileInteractability: false, timeouts: {implicit: 0, pageLoad: 300000, script: 30000}, unhandledPromptBehavior: dismiss and notify, webauthn:virtualAuthenticators: true}
Session ID: c5cb335314c9f9b1277b074b83196629
	at com.advantage.qa.testcases.ProductPageTest.setup(ProductPageTest.java:45)
]]></failure>
    <system-out><![CDATA[*************** Launching Chrome ********************
]]></system-out>
    <system-err><![CDATA[log4j:WARN No such property [conversionPattern] in org.apache.log4j.ConsoleAppender.
log4j:WARN No such property [conversionPattern] in org.apache.log4j.RollingFileAppender.
Starting ChromeDriver 86.0.4240.22 (398b0743353ff36fb1b82468f63a3a93b4e2e89e-refs/branch-heads/4240@{#378}) on port 27369
Only local connections are allowed.
Please see https://chromedriver.chromium.org/security-considerations for suggestions on keeping ChromeDriver safe.
ChromeDriver was started successfully.
[1607232863.572][WARNING]: This version of ChromeDriver has not been tested with Chrome version 87.
Dec 06, 2020 9:34:24 AM org.openqa.selenium.remote.ProtocolHandshake createSession
INFO: Detected dialect: W3C
]]></system-err>
  </testcase>
  <testcase name="verifyAddToCartTest" classname="com.advantage.qa.testcases.ProductPageTest" time="0">
    <skipped message="element click intercepted: Element &lt;div class=&quot;noUi-origin noUi-connect&quot;&gt;...&lt;/div&gt; is not clickable at point (111, 729). Other element would receive the click: &lt;div class=&quot;noUi-origin noUi-background&quot;&gt;...&lt;/div&gt;&#10;  (Session info: chrome=87.0.4280.88)&#10;Build info: version: &apos;3.141.59&apos;, revision: &apos;e82be7d358&apos;, time: &apos;2018-11-14T08:17:03&apos;&#10;System info: host: &apos;SAIFKAZI-PC&apos;, ip: &apos;192.168.56.1&apos;, os.name: &apos;Windows 8.1&apos;, os.arch: &apos;amd64&apos;, os.version: &apos;6.3&apos;, java.version: &apos;1.8.0_201&apos;&#10;Driver info: org.openqa.selenium.chrome.ChromeDriver&#10;Capabilities {acceptInsecureCerts: false, browserName: chrome, browserVersion: 87.0.4280.88, chrome: {chromedriverVersion: 86.0.4240.22 (398b0743353ff..., userDataDir: C:\Users\SAIFK~1.HQ0\AppDat...}, goog:chromeOptions: {debuggerAddress: localhost:59290}, javascriptEnabled: true, networkConnectionEnabled: false, pageLoadStrategy: normal, platform: WINDOWS, platformName: WINDOWS, proxy: Proxy(), setWindowRect: true, strictFileInteractability: false, timeouts: {implicit: 0, pageLoad: 300000, script: 30000}, unhandledPromptBehavior: dismiss and notify, webauthn:virtualAuthenticators: true}&#10;Session ID: c5cb335314c9f9b1277b074b83196629"/>
  </testcase>
  <testcase name="displayStatus" classname="com.advantage.qa.testcases.ProductPageTest" time="0">
    <skipped/>
  </testcase>
  <testcase name="displayStatus" classname="com.advantage.qa.testcases.ProductPageTest" time="0">
    <skipped/>
  </testcase>
  <testcase name="displayStatus" classname="com.advantage.qa.testcases.ProductPageTest" time="0">
    <skipped/>
  </testcase>
  <testcase name="validatePaymentDetails" classname="com.advantage.qa.testcases.ProductPageTest" time="0">
    <skipped message="element click intercepted: Element &lt;div class=&quot;noUi-origin noUi-connect&quot;&gt;...&lt;/div&gt; is not clickable at point (111, 729). Other element would receive the click: &lt;div class=&quot;noUi-origin noUi-background&quot;&gt;...&lt;/div&gt;&#10;  (Session info: chrome=87.0.4280.88)&#10;Build info: version: &apos;3.141.59&apos;, revision: &apos;e82be7d358&apos;, time: &apos;2018-11-14T08:17:03&apos;&#10;System info: host: &apos;SAIFKAZI-PC&apos;, ip: &apos;192.168.56.1&apos;, os.name: &apos;Windows 8.1&apos;, os.arch: &apos;amd64&apos;, os.version: &apos;6.3&apos;, java.version: &apos;1.8.0_201&apos;&#10;Driver info: org.openqa.selenium.chrome.ChromeDriver&#10;Capabilities {acceptInsecureCerts: false, browserName: chrome, browserVersion: 87.0.4280.88, chrome: {chromedriverVersion: 86.0.4240.22 (398b0743353ff..., userDataDir: C:\Users\SAIFK~1.HQ0\AppDat...}, goog:chromeOptions: {debuggerAddress: localhost:59290}, javascriptEnabled: true, networkConnectionEnabled: false, pageLoadStrategy: normal, platform: WINDOWS, platformName: WINDOWS, proxy: Proxy(), setWindowRect: true, strictFileInteractability: false, timeouts: {implicit: 0, pageLoad: 300000, script: 30000}, unhandledPromptBehavior: dismiss and notify, webauthn:virtualAuthenticators: true}&#10;Session ID: c5cb335314c9f9b1277b074b83196629"/>
  </testcase>
  <testcase name="checkPaymentButtonTest" classname="com.advantage.qa.testcases.ProductPageTest" time="0">
    <skipped message="element click intercepted: Element &lt;div class=&quot;noUi-origin noUi-connect&quot;&gt;...&lt;/div&gt; is not clickable at point (111, 729). Other element would receive the click: &lt;div class=&quot;noUi-origin noUi-background&quot;&gt;...&lt;/div&gt;&#10;  (Session info: chrome=87.0.4280.88)&#10;Build info: version: &apos;3.141.59&apos;, revision: &apos;e82be7d358&apos;, time: &apos;2018-11-14T08:17:03&apos;&#10;System info: host: &apos;SAIFKAZI-PC&apos;, ip: &apos;192.168.56.1&apos;, os.name: &apos;Windows 8.1&apos;, os.arch: &apos;amd64&apos;, os.version: &apos;6.3&apos;, java.version: &apos;1.8.0_201&apos;&#10;Driver info: org.openqa.selenium.chrome.ChromeDriver&#10;Capabilities {acceptInsecureCerts: false, browserName: chrome, browserVersion: 87.0.4280.88, chrome: {chromedriverVersion: 86.0.4240.22 (398b0743353ff..., userDataDir: C:\Users\SAIFK~1.HQ0\AppDat...}, goog:chromeOptions: {debuggerAddress: localhost:59290}, javascriptEnabled: true, networkConnectionEnabled: false, pageLoadStrategy: normal, platform: WINDOWS, platformName: WINDOWS, proxy: Proxy(), setWindowRect: true, strictFileInteractability: false, timeouts: {implicit: 0, pageLoad: 300000, script: 30000}, unhandledPromptBehavior: dismiss and notify, webauthn:virtualAuthenticators: true}&#10;Session ID: c5cb335314c9f9b1277b074b83196629"/>
  </testcase>
  <testcase name="tearDown" classname="com.advantage.qa.testcases.ProductPageTest" time="0">
    <skipped/>
  </testcase>
</testsuite>